[15:44:43] [ServerMain/INFO]: [bootstrap] Running Java 21 (Java HotSpot(TM) 64-Bit Server VM 21.0.1+12-LTS-29; Oracle Corporation null) on Windows 11 10.0 (amd64)
[15:44:43] [ServerMain/INFO]: [bootstrap] Loading Paper 1.21.1-120-master@57c75a4 (2024-10-09T21:11:07Z) for Minecraft 1.21.1
[15:44:44] [ServerMain/INFO]: [PluginInitializerManager] Initializing plugins...
[15:44:44] [ServerMain/INFO]: [PluginInitializerManager] Initialized 2 plugins
[15:44:44] [ServerMain/INFO]: [PluginInitializerManager] Paper plugins (1):
 - 7DaysToMine (1.0)
[15:44:44] [ServerMain/INFO]: [PluginInitializerManager] Bukkit plugins (1):
 - WorldEdit (7.3.6+6892-3d660b8)
[15:44:48] [ServerMain/WARN]: You specified a resource pack without providing a sha1 hash. Pack will be updated on the client only if you change the name of the pack.
[15:44:48] [ServerMain/WARN]: resource-pack-id missing, using default of faa14b54-87ae-3249-9394-b3758bcca96c
[15:44:48] [ServerMain/INFO]: Environment: Environment[sessionHost=https://sessionserver.mojang.com, servicesHost=https://api.minecraftservices.com, name=PROD]
[15:44:50] [ServerMain/INFO]: Loaded 1290 recipes
[15:44:50] [ServerMain/INFO]: Loaded 1399 advancements
[15:44:50] [Server thread/INFO]: Starting minecraft server version 1.21.1
[15:44:50] [Server thread/INFO]: Loading properties
[15:44:50] [Server thread/INFO]: This server is running Paper version 1.21.1-120-master@57c75a4 (2024-10-09T21:11:07Z) (Implementing API version 1.21.1-R0.1-SNAPSHOT)
[15:44:51] [Server thread/INFO]: [spark] This server bundles the spark profiler. For more information please visit https://docs.papermc.io/paper/profiling
[15:44:51] [Server thread/INFO]: Using 4 threads for Netty based IO
[15:44:51] [Server thread/INFO]: Server Ping Player Sample Count: 12
[15:44:51] [Server thread/INFO]: [ChunkTaskScheduler] Chunk system is using 1 I/O threads, 5 worker threads, and population gen parallelism of 5 threads
[15:44:51] [Server thread/INFO]: Default game type: SURVIVAL
[15:44:51] [Server thread/INFO]: Generating keypair
[15:44:51] [Server thread/INFO]: Starting Minecraft server on *:25565
[15:44:51] [Server thread/INFO]: Using default channel type
[15:44:52] [Server thread/INFO]: Paper: Using Java compression from Velocity.
[15:44:52] [Server thread/INFO]: Paper: Using Java cipher from Velocity.
[15:44:52] [Server thread/INFO]: [WorldEdit] Loading server plugin WorldEdit v7.3.6+6892-3d660b8
[15:44:54] [Server thread/INFO]: Got request to register class com.sk89q.worldedit.bukkit.BukkitServerInterface with WorldEdit [com.sk89q.worldedit.extension.platform.PlatformManager@78391794]
[15:44:54] [Server thread/INFO]: [7DaysToMine] Loading server plugin 7DaysToMine v1.0
[15:44:54] [Server thread/INFO]: Server permissions file permissions.yml is empty, ignoring it
[15:44:54] [Server thread/INFO]: [WorldEdit] Enabling WorldEdit v7.3.6+6892-3d660b8
[15:44:54] [Server thread/INFO]: Registering commands with com.sk89q.worldedit.bukkit.BukkitServerInterface
[15:44:54] [Server thread/INFO]: WEPIF: Using the Bukkit Permissions API.
[15:44:55] [Server thread/INFO]: Using com.sk89q.worldedit.bukkit.adapter.impl.v1_21.PaperweightAdapter as the Bukkit adapter
[15:44:57] [Server thread/INFO]: Preparing level "world"
[15:44:57] [Server thread/INFO]: Preparing start region for dimension minecraft:overworld
[15:44:58] [Server thread/INFO]: Time elapsed: 387 ms
[15:44:58] [Server thread/INFO]: Preparing start region for dimension minecraft:the_end
[15:44:58] [Server thread/INFO]: Time elapsed: 80 ms
[15:44:58] [Server thread/INFO]: [7DaysToMine] Enabling 7DaysToMine v1.0
[15:44:58] [Server thread/INFO]: [7DaysToMine] SDTM plugin enabled
[15:44:58] [Server thread/INFO]: No entity was found
[15:44:58] [Server thread/INFO]: No entity was found
[15:44:58] [Server thread/INFO]: Summoned new Block Display
[15:44:58] [Server thread/INFO]: [spark] Starting background profiler...
[15:44:58] [Server thread/INFO]: [spark] The async-profiler engine is not supported for your os/arch (windows11/amd64), so the built-in Java engine will be used instead.
[15:44:58] [Server thread/INFO]: Done preparing level "world" (1.746s)
[15:44:59] [Server thread/INFO]: Running delayed init tasks
[15:44:59] [Server thread/INFO]: Done (16.535s)! For help, type "help"
[15:44:59] [Server thread/INFO]: Timings Reset
[15:45:39] [User Authenticator #0/INFO]: UUID of player Yukki_Moru is 3f9b8020-5e20-4269-a604-f0fb47c8abc3
[15:45:42] [Server thread/INFO]: Yukki_Moru joined the game
[15:45:42] [Server thread/INFO]: Yukki_Moru[/127.0.0.1:60471] logged in with entity id 5 at ([world]-987.0450670204771, 10.37429331309655, 1003.8575694807057)
[15:45:59] [Server thread/INFO]: Yukki_Moru issued server command: /gamemode spectator
[15:45:59] [Server thread/INFO]: [Yukki_Moru: Set own game mode to Spectator Mode]
[15:46:02] [Server thread/INFO]: Yukki_Moru issued server command: /gamemode survival
[15:46:02] [Server thread/INFO]: [Yukki_Moru: Set own game mode to Survival Mode]
[15:46:12] [Server thread/INFO]: Yukki_Moru issued server command: /reload confirm
[15:46:12] [Server thread/INFO]: Yukki_Moru: Please note that this command is not supported and may cause issues when using some plugins.
[15:46:12] [Server thread/INFO]: Yukki_Moru: If you encounter any issues please use the /stop command to restart your server.
[15:46:12] [Server thread/WARN]: You specified a resource pack without providing a sha1 hash. Pack will be updated on the client only if you change the name of the pack.
[15:46:12] [Server thread/WARN]: resource-pack-id missing, using default of faa14b54-87ae-3249-9394-b3758bcca96c
[15:46:12] [Server thread/INFO]: Using 4 threads for Netty based IO
[15:46:12] [Server thread/INFO]: Server Ping Player Sample Count: 12
[15:46:12] [Server thread/INFO]: [7DaysToMine] Disabling 7DaysToMine v1.0
[15:46:12] [Server thread/INFO]: [WorldEdit] Disabling WorldEdit v7.3.6+6892-3d660b8
[15:46:12] [Server thread/INFO]: Unregistering com.sk89q.worldedit.bukkit.BukkitServerInterface from WorldEdit
[15:46:12] [Server thread/INFO]: Loaded 1290 recipes
[15:46:12] [Server thread/INFO]: Loaded 1399 advancements
[15:46:13] [Server thread/INFO]: [PluginInitializerManager] Initializing plugins...
[15:46:13] [Paper Async Command Builder Thread Pool - 0/ERROR]: Caught previously unhandled exception :
[15:46:13] [Paper Async Command Builder Thread Pool - 0/ERROR]: Paper Async Command Builder Thread Pool - 0
java.util.ConcurrentModificationException: null
	at java.base/java.util.LinkedHashMap$LinkedHashIterator.nextNode(LinkedHashMap.java:1023) ~[?:?]
	at java.base/java.util.LinkedHashMap$LinkedValueIterator.next(LinkedHashMap.java:1052) ~[?:?]
	at net.minecraft.commands.Commands.fillUsableCommands(Commands.java:531) ~[paper-1.21.1.jar:1.21.1-120-57c75a4]
	at net.minecraft.commands.Commands.sendAsync(Commands.java:496) ~[paper-1.21.1.jar:1.21.1-120-57c75a4]
	at net.minecraft.commands.Commands.lambda$sendCommands$6(Commands.java:475) ~[paper-1.21.1.jar:1.21.1-120-57c75a4]
	at java.base/java.util.concurrent.ThreadPoolExecutor.runWorker(ThreadPoolExecutor.java:1144) ~[?:?]
	at java.base/java.util.concurrent.ThreadPoolExecutor$Worker.run(ThreadPoolExecutor.java:642) ~[?:?]
	at java.base/java.lang.Thread.run(Thread.java:1583) ~[?:?]
[15:46:13] [Server thread/INFO]: [PluginInitializerManager] Initialized 2 plugins
[15:46:13] [Server thread/INFO]: [PluginInitializerManager] Paper plugins (1):
 - 7DaysToMine (1.0)
[15:46:13] [Server thread/INFO]: [PluginInitializerManager] Bukkit plugins (1):
 - WorldEdit (7.3.6+6892-3d660b8)
[15:46:13] [Server thread/WARN]: [PluginInitializerManager] ======== WARNING ========
[15:46:13] [Server thread/WARN]: [PluginInitializerManager] You are reloading while having Paper plugins installed on your server.
[15:46:13] [Server thread/WARN]: [PluginInitializerManager] Paper plugins do NOT support being reloaded. This will cause some unexpected issues.
[15:46:13] [Server thread/WARN]: [PluginInitializerManager] =========================
[15:46:13] [Server thread/INFO]: [WorldEdit] Loading server plugin WorldEdit v7.3.6+6892-3d660b8
[15:46:15] [Server thread/INFO]: Got request to register class com.sk89q.worldedit.bukkit.BukkitServerInterface with WorldEdit [com.sk89q.worldedit.extension.platform.PlatformManager@4cd6dd6e]
[15:46:15] [Server thread/INFO]: [7DaysToMine] Loading server plugin 7DaysToMine v1.0
[15:46:15] [Server thread/INFO]: Server permissions file permissions.yml is empty, ignoring it
[15:46:15] [Server thread/INFO]: [WorldEdit] Enabling WorldEdit v7.3.6+6892-3d660b8
[15:46:15] [Server thread/INFO]: Registering commands with com.sk89q.worldedit.bukkit.BukkitServerInterface
[15:46:15] [Server thread/INFO]: WEPIF: Using the Bukkit Permissions API.
[15:46:15] [Server thread/WARN]: [WorldEdit] Server reload detected. This may cause various issues with WorldEdit and dependent plugins.
[15:46:16] [Server thread/INFO]: Using com.sk89q.worldedit.bukkit.adapter.impl.v1_21.PaperweightAdapter as the Bukkit adapter
[15:46:17] [Server thread/INFO]: [7DaysToMine] Enabling 7DaysToMine v1.0
[15:46:17] [Server thread/INFO]: [7DaysToMine] SDTM plugin enabled
[15:46:17] [Server thread/INFO]: Yukki_Moru: Reload complete.
[15:46:17] [Server thread/INFO]: Base value for attribute Block Break Speed for entity Yukki_Moru set to 0.0
[15:46:17] [Server thread/INFO]: Villager Villager['Utility Master'/13, uuid='befae22d-d2aa-485f-8357-dd50e0302cf8', l='ServerLevel[world]', x=-986.50, y=3.00, z=1014.50, cpos=[-62, 63], tl=7481, v=true] died, message: 'Utility Master was killed'
[15:46:17] [Server thread/INFO]: Named entity Villager['Utility Master'/13, uuid='befae22d-d2aa-485f-8357-dd50e0302cf8', l='ServerLevel[world]', x=-986.50, y=3.00, z=1014.50, cpos=[-62, 63], tl=7481, v=true] died: Utility Master was killed
[15:46:17] [Server thread/INFO]: Villager Villager['Utility Master'/12, uuid='ea156a1d-cb9f-47e1-9af5-5a67a0a718e0', l='ServerLevel[world]', x=-986.50, y=3.00, z=1014.50, cpos=[-62, 63], tl=5703, v=true] died, message: 'Utility Master was killed'
[15:46:17] [Server thread/INFO]: Named entity Villager['Utility Master'/12, uuid='ea156a1d-cb9f-47e1-9af5-5a67a0a718e0', l='ServerLevel[world]', x=-986.50, y=3.00, z=1014.50, cpos=[-62, 63], tl=5703, v=true] died: Utility Master was killed
[15:46:17] [Server thread/INFO]: Villager Villager['Pickaxe Master'/17, uuid='509335f8-46ef-4919-be3d-ab7bd551e8f4', l='ServerLevel[world]', x=-988.50, y=3.00, z=1014.50, cpos=[-62, 63], tl=5703, v=true] died, message: 'Pickaxe Master was killed'
[15:46:17] [Server thread/INFO]: Named entity Villager['Pickaxe Master'/17, uuid='509335f8-46ef-4919-be3d-ab7bd551e8f4', l='ServerLevel[world]', x=-988.50, y=3.00, z=1014.50, cpos=[-62, 63], tl=5703, v=true] died: Pickaxe Master was killed
[15:46:17] [Server thread/INFO]: Villager Villager['Weapon Master'/18, uuid='1bd577e4-ba28-461f-8306-df9b2626c44e', l='ServerLevel[world]', x=-992.50, y=3.00, z=1014.50, cpos=[-63, 63], tl=4201, v=true] died, message: 'Weapon Master was killed'
[15:46:17] [Server thread/INFO]: Named entity Villager['Weapon Master'/18, uuid='1bd577e4-ba28-461f-8306-df9b2626c44e', l='ServerLevel[world]', x=-992.50, y=3.00, z=1014.50, cpos=[-63, 63], tl=4201, v=true] died: Weapon Master was killed
[15:46:17] [Server thread/INFO]: Villager Villager['Utility Master'/8, uuid='04e988db-603e-4f2a-867a-eb37ad11ea10', l='ServerLevel[world]', x=-986.50, y=3.00, z=1014.50, cpos=[-62, 63], tl=4208, v=true] died, message: 'Utility Master was killed'
[15:46:17] [Server thread/INFO]: Named entity Villager['Utility Master'/8, uuid='04e988db-603e-4f2a-867a-eb37ad11ea10', l='ServerLevel[world]', x=-986.50, y=3.00, z=1014.50, cpos=[-62, 63], tl=4208, v=true] died: Utility Master was killed
[15:46:17] [Server thread/INFO]: Villager Villager['Pickaxe Master'/7, uuid='cdb5e7fb-2e75-4a3b-9c26-c5dab183dc31', l='ServerLevel[world]', x=-988.50, y=3.00, z=1014.50, cpos=[-62, 63], tl=4208, v=true] died, message: 'Pickaxe Master was killed'
[15:46:17] [Server thread/INFO]: Named entity Villager['Pickaxe Master'/7, uuid='cdb5e7fb-2e75-4a3b-9c26-c5dab183dc31', l='ServerLevel[world]', x=-988.50, y=3.00, z=1014.50, cpos=[-62, 63], tl=4208, v=true] died: Pickaxe Master was killed
[15:46:17] [Server thread/INFO]: Villager Villager['Potion Master'/10, uuid='d6885c09-9d62-4e74-a5a5-9cf40fb69e06', l='ServerLevel[world]', x=-990.50, y=3.00, z=1014.50, cpos=[-62, 63], tl=5703, v=true] died, message: 'Potion Master was killed'
[15:46:17] [Server thread/INFO]: Named entity Villager['Potion Master'/10, uuid='d6885c09-9d62-4e74-a5a5-9cf40fb69e06', l='ServerLevel[world]', x=-990.50, y=3.00, z=1014.50, cpos=[-62, 63], tl=5703, v=true] died: Potion Master was killed
[15:46:17] [Server thread/INFO]: Villager Villager['Pickaxe Master'/11, uuid='b443d9a5-2f8b-46f9-be9b-2b73004f51e0', l='ServerLevel[world]', x=-988.50, y=3.00, z=1014.50, cpos=[-62, 63], tl=5703, v=true] died, message: 'Pickaxe Master was killed'
[15:46:17] [Server thread/INFO]: Named entity Villager['Pickaxe Master'/11, uuid='b443d9a5-2f8b-46f9-be9b-2b73004f51e0', l='ServerLevel[world]', x=-988.50, y=3.00, z=1014.50, cpos=[-62, 63], tl=5703, v=true] died: Pickaxe Master was killed
[15:46:17] [Server thread/INFO]: Villager Villager['Weapon Master'/19, uuid='41dcc736-6e0f-4e2e-82a3-b915a4bbd80d', l='ServerLevel[world]', x=-992.50, y=3.00, z=1014.50, cpos=[-63, 63], tl=5692, v=true] died, message: 'Weapon Master was killed'
[15:46:17] [Server thread/INFO]: Named entity Villager['Weapon Master'/19, uuid='41dcc736-6e0f-4e2e-82a3-b915a4bbd80d', l='ServerLevel[world]', x=-992.50, y=3.00, z=1014.50, cpos=[-63, 63], tl=5692, v=true] died: Weapon Master was killed
[15:46:17] [Server thread/INFO]: Villager Villager['Potion Master'/6, uuid='a7465f7a-718e-4394-9c14-831b77c57141', l='ServerLevel[world]', x=-990.50, y=3.00, z=1014.50, cpos=[-62, 63], tl=4208, v=true] died, message: 'Potion Master was killed'
[15:46:17] [Server thread/INFO]: Named entity Villager['Potion Master'/6, uuid='a7465f7a-718e-4394-9c14-831b77c57141', l='ServerLevel[world]', x=-990.50, y=3.00, z=1014.50, cpos=[-62, 63], tl=4208, v=true] died: Potion Master was killed
[15:46:17] [Server thread/INFO]: Villager Villager['Utility Master'/9, uuid='22a3aa84-6297-44f9-9d94-f5fca0c88bc6', l='ServerLevel[world]', x=-986.50, y=3.00, z=1014.50, cpos=[-62, 63], tl=5703, v=true] died, message: 'Utility Master was killed'
[15:46:17] [Server thread/INFO]: Named entity Villager['Utility Master'/9, uuid='22a3aa84-6297-44f9-9d94-f5fca0c88bc6', l='ServerLevel[world]', x=-986.50, y=3.00, z=1014.50, cpos=[-62, 63], tl=5703, v=true] died: Utility Master was killed
[15:46:17] [Server thread/INFO]: Villager Villager['Potion Master'/16, uuid='881ce614-71b2-4e55-b5e4-99235402b364', l='ServerLevel[world]', x=-990.50, y=3.00, z=1014.50, cpos=[-62, 63], tl=5703, v=true] died, message: 'Potion Master was killed'
[15:46:17] [Server thread/INFO]: Named entity Villager['Potion Master'/16, uuid='881ce614-71b2-4e55-b5e4-99235402b364', l='ServerLevel[world]', x=-990.50, y=3.00, z=1014.50, cpos=[-62, 63], tl=5703, v=true] died: Potion Master was killed
[15:46:17] [Server thread/INFO]: Villager Villager['Pickaxe Master'/14, uuid='2af2f5aa-aa66-4446-b965-f8c3b259692f', l='ServerLevel[world]', x=-988.50, y=3.00, z=1014.50, cpos=[-62, 63], tl=7481, v=true] died, message: 'Pickaxe Master was killed'
[15:46:17] [Server thread/INFO]: Named entity Villager['Pickaxe Master'/14, uuid='2af2f5aa-aa66-4446-b965-f8c3b259692f', l='ServerLevel[world]', x=-988.50, y=3.00, z=1014.50, cpos=[-62, 63], tl=7481, v=true] died: Pickaxe Master was killed
[15:46:17] [Server thread/INFO]: Villager Villager['Potion Master'/15, uuid='61c4b53b-ed17-4003-97f2-b75b50e45a86', l='ServerLevel[world]', x=-990.50, y=3.00, z=1014.50, cpos=[-62, 63], tl=7481, v=true] died, message: 'Potion Master was killed'
[15:46:17] [Server thread/INFO]: Named entity Villager['Potion Master'/15, uuid='61c4b53b-ed17-4003-97f2-b75b50e45a86', l='ServerLevel[world]', x=-990.50, y=3.00, z=1014.50, cpos=[-62, 63], tl=7481, v=true] died: Potion Master was killed
[15:46:17] [Server thread/INFO]: Villager Villager['Weapon Master'/20, uuid='1dcb17d4-61aa-4b29-9b17-2a25c8da6ba8', l='ServerLevel[world]', x=-992.50, y=3.00, z=1014.50, cpos=[-63, 63], tl=7470, v=true] died, message: 'Weapon Master was killed'
[15:46:17] [Server thread/INFO]: Named entity Villager['Weapon Master'/20, uuid='1dcb17d4-61aa-4b29-9b17-2a25c8da6ba8', l='ServerLevel[world]', x=-992.50, y=3.00, z=1014.50, cpos=[-63, 63], tl=7470, v=true] died: Weapon Master was killed
[15:46:17] [Server thread/INFO]: Villager Villager['Weapon Master'/21, uuid='30a387b4-604b-498a-ae86-747ad28b24d8', l='ServerLevel[world]', x=-992.50, y=3.00, z=1014.50, cpos=[-63, 63], tl=5692, v=true] died, message: 'Weapon Master was killed'
[15:46:17] [Server thread/INFO]: Named entity Villager['Weapon Master'/21, uuid='30a387b4-604b-498a-ae86-747ad28b24d8', l='ServerLevel[world]', x=-992.50, y=3.00, z=1014.50, cpos=[-63, 63], tl=5692, v=true] died: Weapon Master was killed
[15:46:17] [Server thread/INFO]: Killed 16 entities
[15:46:17] [Server thread/INFO]: Summoned new Block Display
[15:46:17] [Server thread/WARN]: Can't keep up! Is the server overloaded? Running 5070ms or 101 ticks behind
[15:46:17] [Server thread/INFO]: Timings Reset
[15:46:17] [Server thread/INFO]: [@: Gave 64 [Emerald] to Yukki_Moru]
[15:46:17] [Paper Async Command Builder Thread Pool - 1/ERROR]: Caught previously unhandled exception :
[15:46:17] [Paper Async Command Builder Thread Pool - 1/ERROR]: Paper Async Command Builder Thread Pool - 1
java.util.ConcurrentModificationException: null
	at java.base/java.util.LinkedHashMap$LinkedHashIterator.nextNode(LinkedHashMap.java:1023) ~[?:?]
	at java.base/java.util.LinkedHashMap$LinkedValueIterator.next(LinkedHashMap.java:1052) ~[?:?]
	at net.minecraft.commands.Commands.fillUsableCommands(Commands.java:531) ~[paper-1.21.1.jar:1.21.1-120-57c75a4]
	at net.minecraft.commands.Commands.sendAsync(Commands.java:496) ~[paper-1.21.1.jar:1.21.1-120-57c75a4]
	at net.minecraft.commands.Commands.lambda$sendCommands$6(Commands.java:475) ~[paper-1.21.1.jar:1.21.1-120-57c75a4]
	at java.base/java.util.concurrent.ThreadPoolExecutor.runWorker(ThreadPoolExecutor.java:1144) ~[?:?]
	at java.base/java.util.concurrent.ThreadPoolExecutor$Worker.run(ThreadPoolExecutor.java:642) ~[?:?]
	at java.base/java.lang.Thread.run(Thread.java:1583) ~[?:?]
[15:46:45] [Server thread/INFO]: Yukki_Moru issued server command: /reload confirm
[15:46:45] [Server thread/INFO]: Yukki_Moru: Please note that this command is not supported and may cause issues when using some plugins.
[15:46:45] [Server thread/INFO]: Yukki_Moru: If you encounter any issues please use the /stop command to restart your server.
[15:46:45] [Server thread/WARN]: You specified a resource pack without providing a sha1 hash. Pack will be updated on the client only if you change the name of the pack.
[15:46:45] [Server thread/WARN]: resource-pack-id missing, using default of faa14b54-87ae-3249-9394-b3758bcca96c
[15:46:45] [Server thread/INFO]: Using 4 threads for Netty based IO
[15:46:45] [Server thread/INFO]: Server Ping Player Sample Count: 12
[15:46:46] [Server thread/INFO]: [7DaysToMine] Disabling 7DaysToMine v1.0
[15:46:46] [Server thread/INFO]: [WorldEdit] Disabling WorldEdit v7.3.6+6892-3d660b8
[15:46:46] [Server thread/INFO]: Unregistering com.sk89q.worldedit.bukkit.BukkitServerInterface from WorldEdit
[15:46:46] [Server thread/INFO]: Loaded 1290 recipes
[15:46:46] [Server thread/INFO]: Loaded 1399 advancements
[15:46:46] [Server thread/INFO]: [PluginInitializerManager] Initializing plugins...
[15:46:46] [Paper Async Command Builder Thread Pool - 2/ERROR]: Caught previously unhandled exception :
[15:46:46] [Paper Async Command Builder Thread Pool - 2/ERROR]: Paper Async Command Builder Thread Pool - 2
java.util.ConcurrentModificationException: null
	at java.base/java.util.LinkedHashMap$LinkedHashIterator.nextNode(LinkedHashMap.java:1023) ~[?:?]
	at java.base/java.util.LinkedHashMap$LinkedValueIterator.next(LinkedHashMap.java:1052) ~[?:?]
	at net.minecraft.commands.Commands.fillUsableCommands(Commands.java:531) ~[paper-1.21.1.jar:1.21.1-120-57c75a4]
	at net.minecraft.commands.Commands.sendAsync(Commands.java:496) ~[paper-1.21.1.jar:1.21.1-120-57c75a4]
	at net.minecraft.commands.Commands.lambda$sendCommands$6(Commands.java:475) ~[paper-1.21.1.jar:1.21.1-120-57c75a4]
	at java.base/java.util.concurrent.ThreadPoolExecutor.runWorker(ThreadPoolExecutor.java:1144) ~[?:?]
	at java.base/java.util.concurrent.ThreadPoolExecutor$Worker.run(ThreadPoolExecutor.java:642) ~[?:?]
	at java.base/java.lang.Thread.run(Thread.java:1583) ~[?:?]
[15:46:46] [Server thread/INFO]: [PluginInitializerManager] Initialized 2 plugins
[15:46:46] [Server thread/INFO]: [PluginInitializerManager] Paper plugins (1):
 - 7DaysToMine (1.0)
[15:46:46] [Server thread/INFO]: [PluginInitializerManager] Bukkit plugins (1):
 - WorldEdit (7.3.6+6892-3d660b8)
[15:46:46] [Server thread/WARN]: [PluginInitializerManager] ======== WARNING ========
[15:46:46] [Server thread/WARN]: [PluginInitializerManager] You are reloading while having Paper plugins installed on your server.
[15:46:46] [Server thread/WARN]: [PluginInitializerManager] Paper plugins do NOT support being reloaded. This will cause some unexpected issues.
[15:46:46] [Server thread/WARN]: [PluginInitializerManager] =========================
[15:46:46] [Server thread/INFO]: [WorldEdit] Loading server plugin WorldEdit v7.3.6+6892-3d660b8
[15:46:48] [Server thread/INFO]: Got request to register class com.sk89q.worldedit.bukkit.BukkitServerInterface with WorldEdit [com.sk89q.worldedit.extension.platform.PlatformManager@2a0b149b]
[15:46:48] [Server thread/INFO]: [7DaysToMine] Loading server plugin 7DaysToMine v1.0
[15:46:48] [Server thread/INFO]: Server permissions file permissions.yml is empty, ignoring it
[15:46:48] [Server thread/INFO]: [WorldEdit] Enabling WorldEdit v7.3.6+6892-3d660b8
[15:46:48] [Server thread/INFO]: Registering commands with com.sk89q.worldedit.bukkit.BukkitServerInterface
[15:46:48] [Server thread/INFO]: WEPIF: Using the Bukkit Permissions API.
[15:46:48] [Server thread/WARN]: [WorldEdit] Server reload detected. This may cause various issues with WorldEdit and dependent plugins.
[15:46:49] [Server thread/INFO]: Using com.sk89q.worldedit.bukkit.adapter.impl.v1_21.PaperweightAdapter as the Bukkit adapter
[15:46:50] [Server thread/INFO]: [7DaysToMine] Enabling 7DaysToMine v1.0
[15:46:50] [Server thread/INFO]: [7DaysToMine] SDTM plugin enabled
[15:46:50] [Server thread/INFO]: Yukki_Moru: Reload complete.
[15:46:50] [Server thread/INFO]: Base value for attribute Block Break Speed for entity Yukki_Moru set to 0.0
[15:46:50] [Server thread/INFO]: No entity was found
[15:46:50] [Server thread/INFO]: Summoned new Block Display
[15:46:50] [Server thread/WARN]: Can't keep up! Is the server overloaded? Running 4340ms or 86 ticks behind
[15:46:50] [Server thread/INFO]: Timings Reset
[15:46:50] [Paper Async Command Builder Thread Pool - 3/ERROR]: Caught previously unhandled exception :
[15:46:50] [Paper Async Command Builder Thread Pool - 3/ERROR]: Paper Async Command Builder Thread Pool - 3
java.util.ConcurrentModificationException: null
	at java.base/java.util.LinkedHashMap$LinkedHashIterator.nextNode(LinkedHashMap.java:1023) ~[?:?]
	at java.base/java.util.LinkedHashMap$LinkedValueIterator.next(LinkedHashMap.java:1052) ~[?:?]
	at net.minecraft.commands.Commands.fillUsableCommands(Commands.java:531) ~[paper-1.21.1.jar:1.21.1-120-57c75a4]
	at net.minecraft.commands.Commands.sendAsync(Commands.java:496) ~[paper-1.21.1.jar:1.21.1-120-57c75a4]
	at net.minecraft.commands.Commands.lambda$sendCommands$6(Commands.java:475) ~[paper-1.21.1.jar:1.21.1-120-57c75a4]
	at java.base/java.util.concurrent.ThreadPoolExecutor.runWorker(ThreadPoolExecutor.java:1144) ~[?:?]
	at java.base/java.util.concurrent.ThreadPoolExecutor$Worker.run(ThreadPoolExecutor.java:642) ~[?:?]
	at java.base/java.lang.Thread.run(Thread.java:1583) ~[?:?]
[15:47:52] [Server thread/INFO]: Yukki_Moru issued server command: /reload confirm
[15:47:52] [Server thread/INFO]: Yukki_Moru: Please note that this command is not supported and may cause issues when using some plugins.
[15:47:52] [Server thread/INFO]: Yukki_Moru: If you encounter any issues please use the /stop command to restart your server.
[15:47:52] [Server thread/WARN]: You specified a resource pack without providing a sha1 hash. Pack will be updated on the client only if you change the name of the pack.
[15:47:52] [Server thread/WARN]: resource-pack-id missing, using default of faa14b54-87ae-3249-9394-b3758bcca96c
[15:47:52] [Server thread/INFO]: Using 4 threads for Netty based IO
[15:47:52] [Server thread/INFO]: Server Ping Player Sample Count: 12
[15:47:52] [Server thread/INFO]: [7DaysToMine] Disabling 7DaysToMine v1.0
[15:47:52] [Server thread/INFO]: [WorldEdit] Disabling WorldEdit v7.3.6+6892-3d660b8
[15:47:52] [Server thread/INFO]: Unregistering com.sk89q.worldedit.bukkit.BukkitServerInterface from WorldEdit
[15:47:52] [Server thread/INFO]: Loaded 1290 recipes
[15:47:52] [Server thread/INFO]: Loaded 1399 advancements
[15:47:53] [Server thread/INFO]: [PluginInitializerManager] Initializing plugins...
[15:47:53] [Server thread/INFO]: [PluginInitializerManager] Initialized 2 plugins
[15:47:53] [Server thread/INFO]: [PluginInitializerManager] Paper plugins (1):
 - 7DaysToMine (1.0)
[15:47:53] [Server thread/INFO]: [PluginInitializerManager] Bukkit plugins (1):
 - WorldEdit (7.3.6+6892-3d660b8)
[15:47:53] [Server thread/WARN]: [PluginInitializerManager] ======== WARNING ========
[15:47:53] [Server thread/WARN]: [PluginInitializerManager] You are reloading while having Paper plugins installed on your server.
[15:47:53] [Server thread/WARN]: [PluginInitializerManager] Paper plugins do NOT support being reloaded. This will cause some unexpected issues.
[15:47:53] [Server thread/WARN]: [PluginInitializerManager] =========================
[15:47:53] [Server thread/INFO]: [WorldEdit] Loading server plugin WorldEdit v7.3.6+6892-3d660b8
[15:47:54] [Server thread/INFO]: Got request to register class com.sk89q.worldedit.bukkit.BukkitServerInterface with WorldEdit [com.sk89q.worldedit.extension.platform.PlatformManager@bec6305]
[15:47:54] [Server thread/INFO]: [7DaysToMine] Loading server plugin 7DaysToMine v1.0
[15:47:54] [Server thread/INFO]: Server permissions file permissions.yml is empty, ignoring it
[15:47:54] [Server thread/INFO]: [WorldEdit] Enabling WorldEdit v7.3.6+6892-3d660b8
[15:47:54] [Server thread/INFO]: Registering commands with com.sk89q.worldedit.bukkit.BukkitServerInterface
[15:47:54] [Server thread/INFO]: WEPIF: Using the Bukkit Permissions API.
[15:47:54] [Server thread/WARN]: [WorldEdit] Server reload detected. This may cause various issues with WorldEdit and dependent plugins.
[15:47:55] [Server thread/INFO]: Using com.sk89q.worldedit.bukkit.adapter.impl.v1_21.PaperweightAdapter as the Bukkit adapter
[15:47:56] [Server thread/INFO]: [7DaysToMine] Enabling 7DaysToMine v1.0
[15:47:56] [Server thread/INFO]: [7DaysToMine] SDTM plugin enabled
[15:47:56] [Server thread/INFO]: Yukki_Moru: Reload complete.
[15:47:56] [Server thread/INFO]: Base value for attribute Block Break Speed for entity Yukki_Moru set to 0.0
[15:47:56] [Server thread/INFO]: No entity was found
[15:47:56] [Server thread/INFO]: Summoned new Block Display
[15:47:56] [Server thread/WARN]: Can't keep up! Is the server overloaded? Running 3708ms or 74 ticks behind
[15:47:56] [Server thread/INFO]: Timings Reset
[15:49:19] [Server thread/INFO]: Block type: COAL_ORE
[15:49:19] [Server thread/INFO]: All breakable materials: [COAL_ORE, IRON_ORE, DEEPSLATE_IRON_ORE, RED_STAINED_GLASS, RED_STAINED_GLASS_PANE]
[15:49:19] [Server thread/INFO]: yes you dug
[15:49:20] [Server thread/INFO]: Block type: COAL_ORE
[15:49:20] [Server thread/INFO]: All breakable materials: [COAL_ORE, IRON_ORE, DEEPSLATE_IRON_ORE, RED_STAINED_GLASS, RED_STAINED_GLASS_PANE]
[15:49:20] [Server thread/INFO]: yes you dug
[15:49:21] [Server thread/INFO]: Block type: COAL_ORE
[15:49:21] [Server thread/INFO]: All breakable materials: [COAL_ORE, IRON_ORE, DEEPSLATE_IRON_ORE, RED_STAINED_GLASS, RED_STAINED_GLASS_PANE]
[15:49:21] [Server thread/INFO]: yes you dug
[15:49:22] [Server thread/INFO]: Block type: IRON_ORE
[15:49:22] [Server thread/INFO]: All breakable materials: [COAL_ORE, IRON_ORE, DEEPSLATE_IRON_ORE, RED_STAINED_GLASS, RED_STAINED_GLASS_PANE]
[15:49:22] [Server thread/INFO]: yes you dug
[15:49:23] [Server thread/INFO]: Block type: IRON_ORE
[15:49:23] [Server thread/INFO]: All breakable materials: [COAL_ORE, IRON_ORE, DEEPSLATE_IRON_ORE, RED_STAINED_GLASS, RED_STAINED_GLASS_PANE]
[15:49:23] [Server thread/INFO]: yes you dug
[15:49:24] [Server thread/INFO]: Block type: IRON_ORE
[15:49:24] [Server thread/INFO]: All breakable materials: [COAL_ORE, IRON_ORE, DEEPSLATE_IRON_ORE, RED_STAINED_GLASS, RED_STAINED_GLASS_PANE]
[15:49:24] [Server thread/INFO]: yes you dug
[15:55:12] [Server thread/INFO]: Yukki_Moru issued server command: /gamemode creative
[15:55:12] [Server thread/INFO]: [Yukki_Moru: Set own game mode to Creative Mode]
[15:55:32] [Server thread/INFO]: Yukki_Moru lost connection: Disconnected
[15:55:32] [Server thread/INFO]: Yukki_Moru left the game
[15:56:18] [Server thread/INFO]: Stopping the server
[15:56:18] [Server thread/INFO]: Stopping server
[15:56:18] [Server thread/INFO]: [7DaysToMine] Disabling 7DaysToMine v1.0
[15:56:18] [Server thread/INFO]: [WorldEdit] Disabling WorldEdit v7.3.6+6892-3d660b8
[15:56:18] [Server thread/INFO]: Unregistering com.sk89q.worldedit.bukkit.BukkitServerInterface from WorldEdit
[15:56:18] [Server thread/INFO]: Saving players
[15:56:18] [Server thread/INFO]: Saving worlds
[15:56:18] [Server thread/INFO]: Saving chunks for level 'ServerLevel[world]'/minecraft:overworld
[15:56:18] [Server thread/INFO]: [ChunkHolderManager] Waiting 60s for chunk system to halt for world 'world'
[15:56:18] [Server thread/INFO]: [ChunkHolderManager] Halted chunk system for world 'world'
[15:56:18] [Server thread/INFO]: [ChunkHolderManager] Saving all chunkholders for world 'world'
[15:56:18] [Server thread/INFO]: [ChunkHolderManager] Saved 0 block chunks, 3 entity chunks, 0 poi chunks in world 'world' in 0.02s
[15:56:18] [Server thread/INFO]: Saving chunks for level 'ServerLevel[world_the_end]'/minecraft:the_end
[15:56:18] [Server thread/INFO]: [ChunkHolderManager] Waiting 60s for chunk system to halt for world 'world_the_end'
[15:56:18] [Server thread/INFO]: [ChunkHolderManager] Halted chunk system for world 'world_the_end'
[15:56:18] [Server thread/INFO]: [ChunkHolderManager] Saving all chunkholders for world 'world_the_end'
[15:56:18] [Server thread/INFO]: [ChunkHolderManager] Saved 0 block chunks, 0 entity chunks, 0 poi chunks in world 'world_the_end' in 0.00s
[15:56:18] [Server thread/INFO]: ThreadedAnvilChunkStorage (world): All chunks are saved
[15:56:18] [Server thread/INFO]: ThreadedAnvilChunkStorage (DIM1): All chunks are saved
[15:56:18] [Server thread/INFO]: ThreadedAnvilChunkStorage: All dimensions are saved
